<?xml version="1.0" encoding="UTF-8"?>
<!-- Generated by org.testng.reporters.JUnitReportReporter -->
<testsuite skipped="0" hostname="DESKTOP-89OTHQ5" name="comJenkinsDemo.DemoTest" tests="4" failures="0" timestamp="12 Sep 2020 05:22:34 GMT" time="4.228" errors="0">
  <testcase name="test03" time="0.083" classname="comJenkinsDemo.DemoTest"/>
  <testcase name="test01" time="3.997" classname="comJenkinsDemo.DemoTest"/>
  <testcase name="test02" time="0.049" classname="comJenkinsDemo.DemoTest"/>
  <testcase name="test04" time="0.099" classname="comJenkinsDemo.DemoTest"/>
</testsuite> <!-- comJenkinsDemo.DemoTest -->
